\BOOKMARK [1][]{section.1}{\376\377\000I\000n\000t\000r\000o\000d\000u\000c\000t\000i\000o\000n}{}% 1
\BOOKMARK [2][]{subsection.1.1}{\376\377\000O\000b\000j\000e\000c\000t\000\040\000D\000e\000s\000i\000g\000n\000\040\000T\000r\000a\000d\000e\000-\000o\000f\000f\000s}{section.1}% 2
\BOOKMARK [3][]{subsubsection.1.1.1}{\376\377\000V\000a\000l\000u\000e\000\040\000S\000e\000m\000a\000n\000t\000i\000c\000s\000\040\000v\000s\000.\000\040\000P\000o\000i\000n\000t\000e\000r\000\040\000S\000e\000m\000a\000n\000t\000i\000c\000s\000\040\000f\000o\000r\000\040\000G\000e\000n\000o\000m\000e}{subsection.1.1}% 3
\BOOKMARK [3][]{subsubsection.1.1.2}{\376\377\000G\000P\000U\000\040\000C\000S\000R\000\040\000L\000a\000y\000o\000u\000t\000\040\000v\000s\000.\000\040\000P\000a\000d\000d\000e\000d\000\040\000L\000a\000y\000o\000u\000t}{subsection.1.1}% 4
\BOOKMARK [3][]{subsubsection.1.1.3}{\376\377\000P\000r\000e\000c\000o\000m\000p\000u\000t\000e\000d\000\040\000I\000n\000c\000o\000m\000i\000n\000g\000\040\000A\000d\000j\000a\000c\000e\000n\000c\000y\000\040\000i\000n\000\040\000N\000e\000u\000r\000a\000l\000N\000e\000t\000w\000o\000r\000k}{subsection.1.1}% 5
\BOOKMARK [3][]{subsubsection.1.1.4}{\376\377\000S\000t\000a\000t\000i\000c\000\040\000U\000t\000i\000l\000i\000t\000y\000\040\000C\000l\000a\000s\000s\000e\000s\000\040\000\050\000M\000u\000t\000a\000t\000i\000o\000n\000,\000\040\000C\000r\000o\000s\000s\000o\000v\000e\000r\000,\000\040\000P\000h\000y\000s\000i\000c\000s\000\051}{subsection.1.1}% 6
\BOOKMARK [3][]{subsubsection.1.1.5}{\376\377\000T\000i\000c\000k\000C\000a\000l\000l\000b\000a\000c\000k\000\040\000D\000e\000c\000o\000u\000p\000l\000i\000n\000g}{subsection.1.1}% 7
\BOOKMARK [2][]{subsection.1.2}{\376\377\000I\000n\000t\000e\000r\000f\000a\000c\000e\000\040\000D\000o\000c\000u\000m\000e\000n\000t\000a\000t\000i\000o\000n\000\040\000G\000u\000i\000d\000e\000l\000i\000n\000e\000s}{section.1}% 8
\BOOKMARK [2][]{subsection.1.3}{\376\377\000E\000n\000g\000i\000n\000e\000e\000r\000i\000n\000g\000\040\000S\000t\000a\000n\000d\000a\000r\000d\000s}{section.1}% 9
\BOOKMARK [2][]{subsection.1.4}{\376\377\000D\000e\000f\000i\000n\000i\000t\000i\000o\000n\000s\000,\000\040\000A\000c\000r\000o\000n\000y\000m\000s\000,\000\040\000a\000n\000d\000\040\000A\000b\000b\000r\000e\000v\000i\000a\000t\000i\000o\000n\000s}{section.1}% 10
\BOOKMARK [1][]{section.2}{\376\377\000P\000a\000c\000k\000a\000g\000e\000\040\000O\000v\000e\000r\000v\000i\000e\000w}{}% 11
\BOOKMARK [2][]{subsection.2.1}{\376\377\000D\000e\000p\000e\000n\000d\000e\000n\000c\000y\000\040\000R\000u\000l\000e\000s}{section.2}% 12
\BOOKMARK [1][]{section.3}{\376\377\000C\000o\000r\000e\000\040\000P\000a\000c\000k\000a\000g\000e\000\040\000\050\000s\000r\000c\000/\000c\000o\000r\000e\000/\000\051}{}% 13
\BOOKMARK [2][]{subsection.3.1}{\376\377\000V\000e\000c\0002\000\040\000\050\000s\000t\000r\000u\000c\000t\000\051}{section.3}% 14
\BOOKMARK [2][]{subsection.3.2}{\376\377\000B\000o\000u\000n\000d\000a\000r\000y\000M\000o\000d\000e\000\040\000\050\000e\000n\000u\000m\000\040\000c\000l\000a\000s\000s\000\051}{section.3}% 15
\BOOKMARK [2][]{subsection.3.3}{\376\377\000S\000i\000m\000u\000l\000a\000t\000i\000o\000n\000C\000o\000n\000f\000i\000g\000\040\000\050\000s\000t\000r\000u\000c\000t\000\051}{section.3}% 16
\BOOKMARK [2][]{subsection.3.4}{\376\377\000C\000o\000n\000f\000i\000g\000E\000r\000r\000o\000r\000\040\000\050\000s\000t\000r\000u\000c\000t\000\051}{section.3}% 17
\BOOKMARK [2][]{subsection.3.5}{\376\377\000C\000L\000I\000A\000r\000g\000s\000\040\000\050\000s\000t\000r\000u\000c\000t\000\051}{section.3}% 18
\BOOKMARK [2][]{subsection.3.6}{\376\377\000F\000r\000e\000e\000\040\000F\000u\000n\000c\000t\000i\000o\000n\000s}{section.3}% 19
\BOOKMARK [2][]{subsection.3.7}{\376\377\000R\000a\000n\000d\000o\000m\000\040\000\050\000c\000l\000a\000s\000s\000\051}{section.3}% 20
\BOOKMARK [1][]{section.4}{\376\377\000S\000i\000m\000u\000l\000a\000t\000i\000o\000n\000\040\000P\000a\000c\000k\000a\000g\000e\000\040\000\050\000s\000r\000c\000/\000s\000i\000m\000u\000l\000a\000t\000i\000o\000n\000/\000\051}{}% 21
\BOOKMARK [2][]{subsection.4.1}{\376\377\000A\000g\000e\000n\000t\000T\000y\000p\000e\000\040\000\050\000e\000n\000u\000m\000\040\000c\000l\000a\000s\000s\000\051}{section.4}% 22
\BOOKMARK [2][]{subsection.4.2}{\376\377\000A\000g\000e\000n\000t\000\040\000\050\000a\000b\000s\000t\000r\000a\000c\000t\000\040\000c\000l\000a\000s\000s\000\051}{section.4}% 23
\BOOKMARK [2][]{subsection.4.3}{\376\377\000P\000r\000e\000d\000a\000t\000o\000r\000\040\000:\000\040\000A\000g\000e\000n\000t}{section.4}% 24
\BOOKMARK [2][]{subsection.4.4}{\376\377\000P\000r\000e\000y\000\040\000:\000\040\000A\000g\000e\000n\000t}{section.4}% 25
\BOOKMARK [2][]{subsection.4.5}{\376\377\000F\000o\000o\000d\000\040\000\050\000s\000t\000r\000u\000c\000t\000\051}{section.4}% 26
\BOOKMARK [2][]{subsection.4.6}{\376\377\000E\000n\000v\000i\000r\000o\000n\000m\000e\000n\000t\000\040\000\050\000c\000l\000a\000s\000s\000\051}{section.4}% 27
\BOOKMARK [2][]{subsection.4.7}{\376\377\000S\000e\000n\000s\000o\000r\000I\000n\000p\000u\000t\000\040\000\050\000s\000t\000r\000u\000c\000t\000\051}{section.4}% 28
\BOOKMARK [2][]{subsection.4.8}{\376\377\000P\000h\000y\000s\000i\000c\000s\000\040\000\050\000s\000t\000a\000t\000i\000c\000\040\000c\000l\000a\000s\000s\000\051}{section.4}% 29
\BOOKMARK [3][]{subsubsection.4.8.1}{\376\377\000b\000u\000i\000l\000d\000\137\000s\000e\000n\000s\000o\000r\000s\000\050\000\051}{subsection.4.8}% 30
\BOOKMARK [3][]{subsubsection.4.8.2}{\376\377\000p\000r\000o\000c\000e\000s\000s\000\137\000a\000t\000t\000a\000c\000k\000s\000\050\000\051}{subsection.4.8}% 31
\BOOKMARK [2][]{subsection.4.9}{\376\377\000S\000p\000a\000t\000i\000a\000l\000G\000r\000i\000d\000\040\000\050\000c\000l\000a\000s\000s\000\051}{section.4}% 32
\BOOKMARK [2][]{subsection.4.10}{\376\377\000S\000i\000m\000u\000l\000a\000t\000i\000o\000n\000M\000a\000n\000a\000g\000e\000r\000\040\000\050\000c\000l\000a\000s\000s\000\051}{section.4}% 33
\BOOKMARK [3][]{subsubsection.4.10.1}{\376\377\000P\000e\000r\000-\000T\000i\000c\000k\000\040\000S\000e\000q\000u\000e\000n\000c\000e\000\040\000\050\000i\000n\000t\000e\000r\000n\000a\000l\000\051}{subsection.4.10}% 34
\BOOKMARK [1][]{section.5}{\376\377\000E\000v\000o\000l\000u\000t\000i\000o\000n\000\040\000P\000a\000c\000k\000a\000g\000e\000\040\000\050\000s\000r\000c\000/\000e\000v\000o\000l\000u\000t\000i\000o\000n\000/\000\051}{}% 35
\BOOKMARK [2][]{subsection.5.1}{\376\377\000N\000o\000d\000e\000T\000y\000p\000e\000\040\000\050\000e\000n\000u\000m\000\040\000c\000l\000a\000s\000s\000\051}{section.5}% 36
\BOOKMARK [2][]{subsection.5.2}{\376\377\000N\000o\000d\000e\000G\000e\000n\000e\000\040\000a\000n\000d\000\040\000C\000o\000n\000n\000e\000c\000t\000i\000o\000n\000G\000e\000n\000e\000\040\000\050\000s\000t\000r\000u\000c\000t\000s\000\051}{section.5}% 37
\BOOKMARK [2][]{subsection.5.3}{\376\377\000G\000e\000n\000o\000m\000e\000\040\000\050\000c\000l\000a\000s\000s\000\051}{section.5}% 38
\BOOKMARK [3][]{subsubsection.5.3.1}{\376\377\000C\000o\000m\000p\000a\000t\000i\000b\000i\000l\000i\000t\000y\000\040\000D\000i\000s\000t\000a\000n\000c\000e\000\040\000A\000l\000g\000o\000r\000i\000t\000h\000m}{subsection.5.3}% 39
\BOOKMARK [3][]{subsubsection.5.3.2}{\376\377\000J\000S\000O\000N\000\040\000S\000e\000r\000i\000a\000l\000i\000z\000a\000t\000i\000o\000n\000\040\000F\000o\000r\000m\000a\000t}{subsection.5.3}% 40
\BOOKMARK [2][]{subsection.5.4}{\376\377\000N\000e\000u\000r\000a\000l\000N\000e\000t\000w\000o\000r\000k\000\040\000\050\000c\000l\000a\000s\000s\000\051}{section.5}% 41
\BOOKMARK [3][]{subsubsection.5.4.1}{\376\377\000C\000o\000n\000s\000t\000r\000u\000c\000t\000i\000o\000n\000\040\000A\000l\000g\000o\000r\000i\000t\000h\000m}{subsection.5.4}% 42
\BOOKMARK [3][]{subsubsection.5.4.2}{\376\377\000a\000c\000t\000i\000v\000a\000t\000e\000\050\000i\000n\000p\000u\000t\000s\000\051\000\040\000A\000l\000g\000o\000r\000i\000t\000h\000m}{subsection.5.4}% 43
\BOOKMARK [3][]{subsubsection.5.4.3}{\376\377\000A\000c\000t\000i\000v\000a\000t\000i\000o\000n\000\040\000F\000u\000n\000c\000t\000i\000o\000n\000s}{subsection.5.4}% 44
\BOOKMARK [2][]{subsection.5.5}{\376\377\000S\000p\000e\000c\000i\000e\000s\000\040\000\050\000c\000l\000a\000s\000s\000\051}{section.5}% 45
\BOOKMARK [3][]{subsubsection.5.5.1}{\376\377\000K\000e\000y\000\040\000A\000l\000g\000o\000r\000i\000t\000h\000m\000s}{subsection.5.5}% 46
\BOOKMARK [2][]{subsection.5.6}{\376\377\000I\000n\000n\000o\000v\000a\000t\000i\000o\000n\000T\000r\000a\000c\000k\000e\000r\000\040\000\050\000c\000l\000a\000s\000s\000\051}{section.5}% 47
\BOOKMARK [2][]{subsection.5.7}{\376\377\000M\000u\000t\000a\000t\000i\000o\000n\000\040\000\050\000s\000t\000a\000t\000i\000c\000\040\000c\000l\000a\000s\000s\000\051}{section.5}% 48
\BOOKMARK [2][]{subsection.5.8}{\376\377\000C\000r\000o\000s\000s\000o\000v\000e\000r\000\040\000\050\000s\000t\000a\000t\000i\000c\000\040\000c\000l\000a\000s\000s\000\051}{section.5}% 49
\BOOKMARK [2][]{subsection.5.9}{\376\377\000E\000v\000o\000l\000u\000t\000i\000o\000n\000M\000a\000n\000a\000g\000e\000r\000\040\000\050\000c\000l\000a\000s\000s\000\051}{section.5}% 50
\BOOKMARK [3][]{subsubsection.5.9.1}{\376\377\000e\000v\000a\000l\000u\000a\000t\000e\000\137\000g\000e\000n\000e\000r\000a\000t\000i\000o\000n\000\050\000\051\000\040\000A\000l\000g\000o\000r\000i\000t\000h\000m}{subsection.5.9}% 51
\BOOKMARK [3][]{subsubsection.5.9.2}{\376\377\000c\000o\000m\000p\000u\000t\000e\000\137\000f\000i\000t\000n\000e\000s\000s\000\050\000\051\000\040\000A\000l\000g\000o\000r\000i\000t\000h\000m}{subsection.5.9}% 52
\BOOKMARK [3][]{subsubsection.5.9.3}{\376\377\000e\000v\000o\000l\000v\000e\000\050\000\051\000\040\000A\000l\000g\000o\000r\000i\000t\000h\000m}{subsection.5.9}% 53
\BOOKMARK [3][]{subsubsection.5.9.4}{\376\377\000C\000h\000e\000c\000k\000p\000o\000i\000n\000t\000\040\000F\000o\000r\000m\000a\000t}{subsection.5.9}% 54
\BOOKMARK [3][]{subsubsection.5.9.5}{\376\377\000T\000i\000c\000k\000C\000a\000l\000l\000b\000a\000c\000k\000\040\000T\000y\000p\000e\000\040\000A\000l\000i\000a\000s}{subsection.5.9}% 55
\BOOKMARK [1][]{section.6}{\376\377\000V\000i\000s\000u\000a\000l\000i\000z\000a\000t\000i\000o\000n\000\040\000P\000a\000c\000k\000a\000g\000e\000\040\000\050\000s\000r\000c\000/\000v\000i\000s\000u\000a\000l\000i\000z\000a\000t\000i\000o\000n\000/\000\051}{}% 56
\BOOKMARK [2][]{subsection.6.1}{\376\377\000R\000e\000n\000d\000e\000r\000e\000r\000\040\000\050\000c\000l\000a\000s\000s\000\051}{section.6}% 57
\BOOKMARK [3][]{subsubsection.6.1.1}{\376\377\000S\000p\000e\000c\000i\000e\000s\000\040\000C\000o\000l\000o\000r\000\040\000A\000l\000g\000o\000r\000i\000t\000h\000m}{subsection.6.1}% 58
\BOOKMARK [2][]{subsection.6.2}{\376\377\000O\000v\000e\000r\000l\000a\000y\000S\000t\000a\000t\000s\000\040\000\050\000s\000t\000r\000u\000c\000t\000\051}{section.6}% 59
\BOOKMARK [2][]{subsection.6.3}{\376\377\000U\000I\000O\000v\000e\000r\000l\000a\000y\000\040\000\050\000c\000l\000a\000s\000s\000\051}{section.6}% 60
\BOOKMARK [3][]{subsubsection.6.3.1}{\376\377\000d\000r\000a\000w\000\137\000n\000n\000\137\000p\000a\000n\000e\000l\000\050\000\051\000\040\000A\000l\000g\000o\000r\000i\000t\000h\000m}{subsection.6.3}% 61
\BOOKMARK [3][]{subsubsection.6.3.2}{\376\377\000d\000r\000a\000w\000\137\000f\000i\000t\000n\000e\000s\000s\000\137\000c\000h\000a\000r\000t\000\050\000\051\000\040\000A\000l\000g\000o\000r\000i\000t\000h\000m}{subsection.6.3}% 62
\BOOKMARK [2][]{subsection.6.4}{\376\377\000V\000i\000s\000u\000a\000l\000i\000z\000a\000t\000i\000o\000n\000M\000a\000n\000a\000g\000e\000r\000\040\000\050\000c\000l\000a\000s\000s\000\051}{section.6}% 63
\BOOKMARK [3][]{subsubsection.6.4.1}{\376\377\000K\000e\000y\000\040\000B\000i\000n\000d\000i\000n\000g\000s}{subsection.6.4}% 64
\BOOKMARK [3][]{subsubsection.6.4.2}{\376\377\000C\000a\000m\000e\000r\000a\000\040\000M\000o\000d\000e\000l}{subsection.6.4}% 65
\BOOKMARK [1][]{section.7}{\376\377\000D\000a\000t\000a\000\040\000P\000a\000c\000k\000a\000g\000e\000\040\000\050\000s\000r\000c\000/\000d\000a\000t\000a\000/\000\051}{}% 66
\BOOKMARK [2][]{subsection.7.1}{\376\377\000G\000e\000n\000e\000r\000a\000t\000i\000o\000n\000M\000e\000t\000r\000i\000c\000s\000\040\000\050\000s\000t\000r\000u\000c\000t\000\051}{section.7}% 67
\BOOKMARK [2][]{subsection.7.2}{\376\377\000M\000e\000t\000r\000i\000c\000s\000C\000o\000l\000l\000e\000c\000t\000o\000r\000\040\000\050\000c\000l\000a\000s\000s\000\051}{section.7}% 68
\BOOKMARK [2][]{subsection.7.3}{\376\377\000L\000o\000g\000g\000e\000r\000\040\000\050\000c\000l\000a\000s\000s\000\051}{section.7}% 69
\BOOKMARK [3][]{subsubsection.7.3.1}{\376\377\000O\000u\000t\000p\000u\000t\000\040\000F\000i\000l\000e\000\040\000F\000o\000r\000m\000a\000t\000s}{subsection.7.3}% 70
\BOOKMARK [1][]{section.8}{\376\377\000G\000P\000U\000\040\000P\000a\000c\000k\000a\000g\000e\000\040\000\050\000s\000r\000c\000/\000g\000p\000u\000/\000\051}{}% 71
\BOOKMARK [2][]{subsection.8.1}{\376\377\000G\000p\000u\000N\000e\000t\000D\000e\000s\000c\000\040\000\050\000s\000t\000r\000u\000c\000t\000\051}{section.8}% 72
\BOOKMARK [2][]{subsection.8.2}{\376\377\000C\000S\000R\000\040\000L\000a\000y\000o\000u\000t\000\040\000D\000i\000a\000g\000r\000a\000m}{section.8}% 73
\BOOKMARK [2][]{subsection.8.3}{\376\377\000G\000p\000u\000A\000g\000e\000n\000t\000S\000t\000a\000t\000s\000\040\000a\000n\000d\000\040\000G\000p\000u\000F\000i\000t\000n\000e\000s\000s\000W\000e\000i\000g\000h\000t\000s\000\040\000\050\000s\000t\000r\000u\000c\000t\000s\000\051}{section.8}% 74
\BOOKMARK [2][]{subsection.8.4}{\376\377\000G\000p\000u\000N\000e\000t\000w\000o\000r\000k\000D\000a\000t\000a\000\040\000\050\000s\000t\000r\000u\000c\000t\000\051}{section.8}% 75
\BOOKMARK [2][]{subsection.8.5}{\376\377\000G\000p\000u\000B\000a\000t\000c\000h\000\040\000\050\000c\000l\000a\000s\000s\000,\000\040\000R\000A\000I\000I\000\051}{section.8}% 76
\BOOKMARK [2][]{subsection.8.6}{\376\377\000C\000U\000D\000A\000\040\000K\000e\000r\000n\000e\000l\000\040\000A\000l\000g\000o\000r\000i\000t\000h\000m\000s}{section.8}% 77
\BOOKMARK [3][]{subsubsection.8.6.1}{\376\377\000n\000e\000u\000r\000a\000l\000\137\000f\000o\000r\000w\000a\000r\000d\000\137\000k\000e\000r\000n\000e\000l}{subsection.8.6}% 78
\BOOKMARK [3][]{subsubsection.8.6.2}{\376\377\000f\000i\000t\000n\000e\000s\000s\000\137\000e\000v\000a\000l\000\137\000k\000e\000r\000n\000e\000l}{subsection.8.6}% 79
\BOOKMARK [3][]{subsubsection.8.6.3}{\376\377\000H\000o\000s\000t\000\040\000L\000a\000u\000n\000c\000h\000\040\000F\000u\000n\000c\000t\000i\000o\000n\000s}{subsection.8.6}% 80
\BOOKMARK [1][]{section.9}{\376\377\000G\000l\000o\000s\000s\000a\000r\000y}{}% 81
\BOOKMARK [1][]{section*.50}{\376\377\000R\000e\000f\000e\000r\000e\000n\000c\000e\000s}{}% 82
